Active-HDL 12.0.118.7745 2023-06-01 14:01:51

Elaboration top modules:
Verilog Module                datapath_tb
SystemVerilog Package         UnitScopePackage_87


---------------------------------------------------------------------------------------------------
Verilog Module          | Library         | Info | Compiler Version          | Compilation Options
---------------------------------------------------------------------------------------------------
datapath_tb             | multicycle_mips |      | 12.0.118.7745 (Windows64) | -O2 -sv2k12
main                    | multicycle_mips |      | 12.0.118.7745 (Windows64) | -O2 -sv2k12
---------------------------------------------------------------------------------------------------

---------------------------------------------------------------------------------------------------
SystemVerilog Package   | Library         | Info | Compiler Version          | Compilation Options
---------------------------------------------------------------------------------------------------
UnitScopePackage_87     | multicycle_mips |      | 12.0.118.7745 (Windows64) | -O2 -sv2k12
---------------------------------------------------------------------------------------------------

---------------------------------------------------------------------------------------------------
Library                 | Comment
---------------------------------------------------------------------------------------------------
multicycle_mips         | None
---------------------------------------------------------------------------------------------------


Simulation Options: asim +access +r datapath_tb

