# ELBREAD: Elaboration process.
# ELBREAD: Elaboration time 0.0 [s].
alog -O2 -sve -msg 5 -sv2k12 -work Multicycle_MIPS $dsn/src/dasda.v
# Pass 1. Scanning modules hierarchy.
# Info: VCP2113 Module \$root found in current working library.
# Pass 2. Processing instantiations.
# Pass 3. Processing behavioral statements.
# Warning: VCP2803 dasda.v : (431, 53): Function register_file result is ignored.
# Running Optimizer.
# ELB/DAG code generating.
# Info: VCP2113 Module \$root found in current working library.
# Unit top modules: main.
# $root top modules: main update_flags extender_10_bit extender_17_bit memory_data instruction_memory mux2to1 mux4_1 register_file alu control_unit pc_control.
# Compile success 0 Errors 1 Warnings  Analysis time: 0[s].
# Warning: ALOG: The source is compiled without the -dbg switch. Line breakpoints and assertion debug will not be available.
# done
asim -O5 +access +w_nets +access +r +access +r+w main
# ELBREAD: Elaboration process.
# ELBREAD: Elaboration time 0.0 [s].
# VSIM: Stack memory: 32MB
# VSIM: Retval memory: 32MB
# KERNEL: Main thread initiated.
# KERNEL: Kernel process initialization phase.
# ELAB2: Elaboration final pass...
# ELAB2: Create instances ...
# KERNEL: Time resolution set to 1ps.
# ELAB2: Create instances complete.
# SLP: Started
# SLP: Elaboration phase ...
# SLP: Elaboration phase ... done : 0.0 [s]
# SLP: Generation phase ...
# SLP: Generation phase ... done : 0.1 [s]
# SLP: Finished : 0.2 [s]
# SLP: 0 primitives and 1 (100.00%) other processes in SLP
# SLP: 0 signals in SLP and 107 (97.27%) interface signals
# ELAB2: Elaboration final pass complete - time: 0.2 [s].
# KERNEL: SLP loading done - time: 0.0 [s].
# KERNEL: SLP simulation initialization done - time: 0.0 [s].
# KERNEL: Kernel process initialization done.
# Allocation: Simulator allocated 5490 kB (elbread=427 elab2=4929 kernel=134 sdf=0)
# KERNEL: ASDB file was created in location C:\Users\alima\Desktop\BZU\4th year\Architecture\pythonProject\Multicycle_MIPS\Multicycle_MIPS\src\wave.asdb
#  2:49 AM, Tuesday, January 31, 2023
#  Simulation has been initialized
# KERNEL: Error: Cannot find signal /alu/A
# VSIM: Error: Cannot force signal "/alu/A" with formula "\counter\TYPE\1\DIR\1\RADIX\10\START\0\INC\1\PERIOD\10ns\REV\0".
# KERNEL: Error: Cannot find signal /main/PC
# VSIM: Error: Cannot force signal "/main/PC" with formula "\counter\TYPE\1\DIR\1\RADIX\10\START\0\INC\1\PERIOD\10ns\REV\0".
# KERNEL: Error: Cannot find signal /alu/B
# VSIM: Error: Cannot force signal "/alu/B" with formula "\counter\TYPE\1\DIR\1\RADIX\10\START\0\INC\1\PERIOD\10ns\REV\0".
# KERNEL: Error: Cannot find signal /alu/ALUop
# VSIM: Error: Cannot force signal "/alu/ALUop" with formula "\counter\TYPE\1\DIR\1\RADIX\10\START\0\INC\1\PERIOD\25ns\REV\0".
# KERNEL: Error: Cannot find signal /alu/SF
# VSIM: Error: Cannot force signal "/alu/SF" with formula "\counter\TYPE\1\DIR\1\RADIX\10\START\0\INC\1\PERIOD\50ns\REV\0".
# KERNEL: Error: Cannot find signal /alu/clk
# VSIM: Error: Cannot force signal "/alu/clk" with formula "0 0fs, 1 5ns -r 10ns".
# KERNEL: Error: Cannot find signal /extender_17_bit/in
# VSIM: Error: Cannot force signal "/extender_17_bit/in" with formula "\counter\TYPE\1\DIR\1\RADIX\10\START\-5\INC\1\PERIOD\10ns\REV\0".
# KERNEL: Error: Cannot find signal /extender_10_bit/ExtOp
# VSIM: Error: Cannot force signal "/extender_10_bit/ExtOp" with formula "0 0fs, 1 5ns -r 10ns".
# KERNEL: Error: Cannot find signal /extender_10_bit/in
# VSIM: Error: Cannot force signal "/extender_10_bit/in" with formula "\counter\TYPE\1\DIR\1\RADIX\10\START\-5\INC\1\PERIOD\10ns\REV\0".
# KERNEL: Error: Cannot find signal /register_file/Ra
# VSIM: Error: Cannot force signal "/register_file/Ra" with formula "\counter\TYPE\1\DIR\1\RADIX\10\START\0\INC\1\PERIOD\5ns\REV\0".
# KERNEL: Error: Cannot find signal /register_file/Rb
# VSIM: Error: Cannot force signal "/register_file/Rb" with formula "\counter\TYPE\1\DIR\1\RADIX\10\START\0\INC\1\PERIOD\10ns\REV\0".
# KERNEL: Error: Cannot find signal /register_file/clk
# VSIM: Error: Cannot force signal "/register_file/clk" with formula "\counter\TYPE\1\DIR\1\RADIX\10\START\0\INC\1\PERIOD\10ns\REV\0".
# KERNEL: Error: Cannot find signal /instruction_memory/clk
# VSIM: Error: Cannot force signal "/instruction_memory/clk" with formula "0 0fs, 1 5ns -r 10ns".
# KERNEL: Error: Cannot find signal /instruction_memory/address
# VSIM: Error: Cannot force signal "/instruction_memory/address" with formula "\counter\TYPE\1\DIR\1\RADIX\10\START\0\INC\3\PERIOD\10ns\REV\0".
# 110 object(s) traced.
# Waveform file 'untitled.awc' connected to 'C:/Users/alima/Desktop/BZU/4th year/Architecture/pythonProject/Multicycle_MIPS/Multicycle_MIPS/src/wave.asdb'.
run 100 ns
# KERNEL: stopped at time: 100 ns
